[2022-11-11T13:15:36.486Z] Winston info: Internal server error in node getAll No metadata for "Node" was found.
[2022-11-15T06:18:04.515Z] Winston info: Internal server error in node add ER_NO_DEFAULT_FOR_FIELD: Field 'x' doesn't have a default value
[2022-11-16T20:54:37.515Z] Winston info: Internal server error in node add ER_NO_DEFAULT_FOR_FIELD: Field 'color' doesn't have a default value
[2022-11-16T20:54:39.335Z] Winston info: Internal server error in node add ER_NO_DEFAULT_FOR_FIELD: Field 'color' doesn't have a default value
[2022-11-16T20:55:56.986Z] Winston info: Internal server error in node add ER_BAD_FIELD_ERROR: Unknown column 'r' in 'field list'
[2022-11-16T20:58:20.674Z] Winston info: Internal server error in node add ER_BAD_FIELD_ERROR: Unknown column 'r' in 'field list'
[2022-11-16T20:58:21.578Z] Winston info: Internal server error in node add ER_BAD_FIELD_ERROR: Unknown column 'r' in 'field list'
[2022-11-16T20:59:35.431Z] Winston info: Internal server error in node add ER_BAD_FIELD_ERROR: Unknown column 'r' in 'field list'
[2022-11-16T21:02:43.753Z] Winston info: Internal server error in node add ER_BAD_FIELD_ERROR: Unknown column 'r' in 'field list'
[2022-11-16T21:08:55.951Z] Winston info: Internal server error in node add ER_BAD_FIELD_ERROR: Unknown column 'r' in 'field list'
[2022-11-16T21:16:25.294Z] Winston info: Internal server error in node add ER_BAD_FIELD_ERROR: Unknown column 'r' in 'field list'
[2022-11-18T17:27:35.425Z] Winston info: Internal server error in node getAll No metadata for "Node" was found.
[2022-11-18T17:32:10.740Z] Winston info: Internal server error in node getAll No metadata for "Node" was found.
[2022-11-18T20:36:45.034Z] Winston info: Internal server error in node getAll No metadata for "Node" was found.
[2022-11-20T01:29:57.666Z] Winston info: Internal server error in node getAll No metadata for "Node" was found.
[2022-11-20T01:33:59.488Z] Winston info: Request without token in node possible hacker attack
[2022-11-20T01:34:10.647Z] Winston info: Request without token in node possible hacker attack
[2022-11-21T09:37:17.858Z] Winston info: Internal server error in node getAll No metadata for "Node" was found.
[2022-11-21T20:56:02.318Z] Winston info: Possible hacker attack in login ::1 bad password for  alejandro
[2022-12-05T13:15:20.134Z] Winston info: Internal server error in node getAll ER_BAD_FIELD_ERROR: Unknown column 'Node.mirrorLabel' in 'field list'
[2022-12-05T13:15:20.163Z] Winston info: Internal server error in node getAll ER_BAD_FIELD_ERROR: Unknown column 'Node.mirrorLabel' in 'field list'
[2022-12-05T13:15:20.172Z] Winston info: Internal server error in node getAll ER_BAD_FIELD_ERROR: Unknown column 'Node.mirrorLabel' in 'field list'
[2022-12-05T13:15:20.192Z] Winston info: Internal server error in node getAll ER_BAD_FIELD_ERROR: Unknown column 'Node.mirrorLabel' in 'field list'
[2022-12-05T13:15:20.202Z] Winston info: Internal server error in node getAll ER_BAD_FIELD_ERROR: Unknown column 'Node.mirrorLabel' in 'field list'
[2022-12-05T13:15:20.212Z] Winston info: Internal server error in node getAll ER_BAD_FIELD_ERROR: Unknown column 'Node.mirrorLabel' in 'field list'
[2022-12-05T13:15:20.222Z] Winston info: Internal server error in node getAll ER_BAD_FIELD_ERROR: Unknown column 'Node.mirrorLabel' in 'field list'
[2022-12-05T13:15:20.238Z] Winston info: Internal server error in node getAll ER_BAD_FIELD_ERROR: Unknown column 'Node.mirrorLabel' in 'field list'
[2022-12-05T13:15:20.247Z] Winston info: Internal server error in node getAll ER_BAD_FIELD_ERROR: Unknown column 'Node.mirrorLabel' in 'field list'
[2022-12-05T13:15:20.257Z] Winston info: Internal server error in node getAll ER_BAD_FIELD_ERROR: Unknown column 'Node.mirrorLabel' in 'field list'
[2022-12-05T13:16:20.759Z] Winston info: Internal server error in node getAll No metadata for "Node" was found.
[2022-12-05T13:16:20.783Z] Winston info: Internal server error in node getAll No metadata for "Node" was found.
[2022-12-05T14:06:33.895Z] Winston info: Internal server error in node getAll No metadata for "Node" was found.
[2022-12-06T12:06:33.680Z] Winston info: Internal server error in node getAll No metadata for "Node" was found.
